<?xml version="1.0" encoding="UTF-8"?>
<testng-results skipped="0" failed="0" ignored="0" total="2" passed="2">
  <reporter-output>
  </reporter-output>
  <suite name="Surefire suite" duration-ms="26424" started-at="2023-03-13T12:08:54 EET" finished-at="2023-03-13T12:09:21 EET">
    <groups>
      <group name="cucumber">
        <method signature="AbstractTestNGCucumberTests.runScenario(io.cucumber.testng.PickleWrapper,io.cucumber.testng.FeatureWrapper)[pri:0, instance:org.example.testRunner.runners@e720b71]" name="runScenario" class="io.cucumber.testng.AbstractTestNGCucumberTests"/>
      </group> <!-- cucumber -->
    </groups>
    <test name="Surefire test" duration-ms="26424" started-at="2023-03-13T12:08:54 EET" finished-at="2023-03-13T12:09:21 EET">
      <class name="org.example.testRunner.runners">
        <test-method status="PASS" signature="setUpClass(org.testng.ITestContext)[pri:0, instance:org.example.testRunner.runners@e720b71]" name="setUpClass" is-config="true" duration-ms="818" started-at="2023-03-13T12:08:54 EET" finished-at="2023-03-13T12:08:55 EET">
          <params>
            <param index="0">
              <value>
                <![CDATA[org.testng.TestRunner@70485aa]]>
              </value>
            </param>
          </params>
          <reporter-output>
          </reporter-output>
        </test-method> <!-- setUpClass -->
        <test-method status="PASS" signature="runScenario(io.cucumber.testng.PickleWrapper,io.cucumber.testng.FeatureWrapper)[pri:0, instance:org.example.testRunner.runners@e720b71]" name="runScenario" duration-ms="16714" started-at="2023-03-13T12:08:55 EET" description="Runs Cucumber Scenarios" data-provider="scenarios" finished-at="2023-03-13T12:09:12 EET">
          <params>
            <param index="0">
              <value>
                <![CDATA["user could create new account with valid data"]]>
              </value>
            </param>
            <param index="1">
              <value>
                <![CDATA["F01_Regestration | guest users could create new accounts"]]>
              </value>
            </param>
          </params>
          <reporter-output>
          </reporter-output>
        </test-method> <!-- runScenario -->
        <test-method status="PASS" signature="runScenario(io.cucumber.testng.PickleWrapper,io.cucumber.testng.FeatureWrapper)[pri:0, instance:org.example.testRunner.runners@e720b71]" name="runScenario" duration-ms="8700" started-at="2023-03-13T12:09:12 EET" description="Runs Cucumber Scenarios" data-provider="scenarios" finished-at="2023-03-13T12:09:20 EET">
          <params>
            <param index="0">
              <value>
                <![CDATA["user could login with valid email and password"]]>
              </value>
            </param>
            <param index="1">
              <value>
                <![CDATA["F02_Login | users could use login functionality to use their accounts"]]>
              </value>
            </param>
          </params>
          <reporter-output>
          </reporter-output>
        </test-method> <!-- runScenario -->
        <test-method status="PASS" signature="tearDownClass()[pri:0, instance:org.example.testRunner.runners@e720b71]" name="tearDownClass" is-config="true" duration-ms="157" started-at="2023-03-13T12:09:20 EET" finished-at="2023-03-13T12:09:21 EET">
          <reporter-output>
          </reporter-output>
        </test-method> <!-- tearDownClass -->
      </class> <!-- org.example.testRunner.runners -->
    </test> <!-- Surefire test -->
  </suite> <!-- Surefire suite -->
</testng-results>
