<?xml version="1.0" encoding="UTF-8"?>
<!-- Generated by org.testng.reporters.JUnitXMLReporter -->
<testsuite hostname="DESKTOP-CIBE6E1" ignored="0" name="Surefire test" tests="2" failures="0" timestamp="2023-03-13T12:09:21 EET" time="26.424" errors="0">
  <testcase name="runScenario" time="16.714" classname="io.cucumber.testng.AbstractTestNGCucumberTests"/>
  <testcase name="runScenario" time="8.7" classname="io.cucumber.testng.AbstractTestNGCucumberTests"/>
</testsuite> <!-- Surefire test -->
